<?xml version="1.0" encoding="UTF-8"?>
<!-- Generated by org.testng.reporters.JUnitReportReporter -->
<testsuite hostname="DESKTOP-3QLNKTK" failures="0" tests="1" name="com.training.testNG.NewTest2" time="0.008" errors="0" timestamp="2024-09-10T02:40:41 IST" skipped="0">
  <testcase classname="com.training.testNG.NewTest2" name="test1" time="0.008"/>
</testsuite> <!-- com.training.testNG.NewTest2 -->
