<?xml version="1.0" encoding="UTF-8"?>
<!-- Generated by org.testng.reporters.JUnitReportReporter -->
<testsuite hostname="DESKTOP-3QLNKTK" failures="0" tests="1" name="com.training.testNG.NewTest" time="0.022" errors="0" timestamp="2024-09-10T02:05:21 IST" skipped="0">
  <testcase classname="com.training.testNG.NewTest" name="Test4" time="0.022"/>
</testsuite> <!-- com.training.testNG.NewTest -->
